<?xml version="1.0" encoding="UTF-8"?>
<!-- Generated by org.testng.reporters.JUnitXMLReporter -->
<testsuite ignored="0" hostname="bhagyak" failures="0" tests="3" name="Add Customer Test" time="2.759" errors="0" timestamp="2024-12-31T15:00:31 IST">
  <testcase classname="testcases.AddCustomer" name="addCustomer" time="0.873"/>
  <testcase classname="testcases.AddCustomer" name="addCustomer" time="0.918"/>
  <testcase classname="testcases.AddCustomer" name="addCustomer" time="0.915"/>
</testsuite> <!-- Add Customer Test -->
