<?xml version="1.0" encoding="UTF-8"?>
<!-- Generated by org.testng.reporters.JUnitXMLReporter -->
<testsuite ignored="0" hostname="bhagyak" failures="0" tests="3" name="Add Customer Test" time="1.624" errors="0" timestamp="2025-01-03T16:15:46 IST">
  <testcase classname="testcases.AddCustomer" name="addCustomer" time="0.676"/>
  <testcase classname="testcases.AddCustomer" name="addCustomer" time="0.449"/>
  <testcase classname="testcases.AddCustomer" name="addCustomer" time="0.463"/>
</testsuite> <!-- Add Customer Test -->
