<?xml version="1.0" encoding="UTF-8"?>
<!-- Generated by org.testng.reporters.JUnitXMLReporter -->
<testsuite ignored="0" hostname="bhagyak" failures="0" tests="3" name="Fb Login Test" time="14.845" errors="0" timestamp="2024-12-29T17:27:15 IST">
  <testcase classname="testcases.LoginFacebook" name="doFBLogin" time="0.731"/>
  <testcase classname="testcases.LoginFacebook" name="doFBLogin" time="0.578"/>
  <testcase classname="testcases.LoginFacebook" name="doFBLogin" time="0.609"/>
</testsuite> <!-- Fb Login Test -->
