<?xml version="1.0" encoding="UTF-8"?>
<!-- Generated by org.testng.reporters.JUnitXMLReporter -->
<testsuite ignored="0" hostname="bhagyak" failures="0" tests="3" name="Open Account Test" time="1.32" errors="0" timestamp="2025-01-03T16:15:47 IST">
  <testcase classname="testcases.OpenAccountTest" name="openAccount" time="0.635"/>
  <testcase classname="testcases.OpenAccountTest" name="openAccount" time="0.345"/>
  <testcase classname="testcases.OpenAccountTest" name="openAccount" time="0.329"/>
</testsuite> <!-- Open Account Test -->
