<?xml version="1.0" encoding="UTF-8"?>
<!-- Generated by org.testng.reporters.JUnitXMLReporter -->
<testsuite ignored="0" hostname="bhagyak" failures="0" tests="3" name="Open Account Test" time="2.828" errors="0" timestamp="2024-12-31T15:00:34 IST">
  <testcase classname="testcases.OpenAccountTest" name="openAccount" time="1.192"/>
  <testcase classname="testcases.OpenAccountTest" name="openAccount" time="1.03"/>
  <testcase classname="testcases.OpenAccountTest" name="openAccount" time="0.584"/>
</testsuite> <!-- Open Account Test -->
