<?xml version="1.0" encoding="UTF-8"?>
<testng-results ignored="0" total="7" passed="7" failed="0" skipped="0">
  <reporter-output>
  </reporter-output>
  <suite started-at="2025-01-03T16:15:43 IST" name="First Suite" finished-at="2025-01-03T16:15:47 IST" duration-ms="4106">
    <groups>
    </groups>
    <test started-at="2025-01-03T16:15:43 IST" name="Bank Manager Login Test" finished-at="2025-01-03T16:15:44 IST" duration-ms="875">
      <class name="testcases.BankManagerLoginTest">
        <test-method signature="doBankManagerLogin()[pri:0, instance:testcases.BankManagerLoginTest@2b46a8c1]" started-at="2025-01-03T16:15:43 IST" name="doBankManagerLogin" finished-at="2025-01-03T16:15:44 IST" duration-ms="842" status="PASS">
          <reporter-output>
          </reporter-output>
        </test-method> <!-- doBankManagerLogin -->
      </class> <!-- testcases.BankManagerLoginTest -->
    </test> <!-- Bank Manager Login Test -->
    <test started-at="2025-01-03T16:15:44 IST" name="Add Customer Test" finished-at="2025-01-03T16:15:46 IST" duration-ms="1624">
      <class name="testcases.AddCustomer">
        <test-method signature="addCustomer(java.lang.String,java.lang.String,java.lang.String)[pri:0, instance:testcases.AddCustomer@1dfd5f51]" started-at="2025-01-03T16:15:44 IST" name="addCustomer" data-provider="data" finished-at="2025-01-03T16:15:45 IST" duration-ms="676" status="PASS">
          <params>
            <param index="0">
              <value>
                <![CDATA[Jaasritha]]>
              </value>
            </param>
            <param index="1">
              <value>
                <![CDATA[G]]>
              </value>
            </param>
            <param index="2">
              <value>
                <![CDATA[50032.0]]>
              </value>
            </param>
          </params>
          <reporter-output>
          </reporter-output>
        </test-method> <!-- addCustomer -->
        <test-method signature="addCustomer(java.lang.String,java.lang.String,java.lang.String)[pri:0, instance:testcases.AddCustomer@1dfd5f51]" started-at="2025-01-03T16:15:45 IST" name="addCustomer" data-provider="data" finished-at="2025-01-03T16:15:45 IST" duration-ms="449" status="PASS">
          <params>
            <param index="0">
              <value>
                <![CDATA[Saranya]]>
              </value>
            </param>
            <param index="1">
              <value>
                <![CDATA[H]]>
              </value>
            </param>
            <param index="2">
              <value>
                <![CDATA[6789000.0]]>
              </value>
            </param>
          </params>
          <reporter-output>
          </reporter-output>
        </test-method> <!-- addCustomer -->
        <test-method signature="addCustomer(java.lang.String,java.lang.String,java.lang.String)[pri:0, instance:testcases.AddCustomer@1dfd5f51]" started-at="2025-01-03T16:15:45 IST" name="addCustomer" data-provider="data" finished-at="2025-01-03T16:15:46 IST" duration-ms="463" status="PASS">
          <params>
            <param index="0">
              <value>
                <![CDATA[Raj]]>
              </value>
            </param>
            <param index="1">
              <value>
                <![CDATA[B]]>
              </value>
            </param>
            <param index="2">
              <value>
                <![CDATA[78999.0]]>
              </value>
            </param>
          </params>
          <reporter-output>
          </reporter-output>
        </test-method> <!-- addCustomer -->
      </class> <!-- testcases.AddCustomer -->
    </test> <!-- Add Customer Test -->
    <test started-at="2025-01-03T16:15:46 IST" name="Open Account Test" finished-at="2025-01-03T16:15:47 IST" duration-ms="1320">
      <class name="testcases.OpenAccountTest">
        <test-method is-config="true" signature="setUp()[pri:0, instance:testcases.OpenAccountTest@4d4d8fcf]" started-at="2025-01-03T16:15:39 IST" name="setUp" finished-at="2025-01-03T16:15:43 IST" duration-ms="3638" status="PASS">
          <reporter-output>
          </reporter-output>
        </test-method> <!-- setUp -->
        <test-method signature="openAccount(java.lang.String,java.lang.String,java.lang.String)[pri:0, instance:testcases.OpenAccountTest@4d4d8fcf]" started-at="2025-01-03T16:15:46 IST" name="openAccount" data-provider="data" finished-at="2025-01-03T16:15:46 IST" duration-ms="635" status="PASS">
          <params>
            <param index="0">
              <value>
                <![CDATA[Jaasritha]]>
              </value>
            </param>
            <param index="1">
              <value>
                <![CDATA[G]]>
              </value>
            </param>
            <param index="2">
              <value>
                <![CDATA[Dollar]]>
              </value>
            </param>
          </params>
          <reporter-output>
          </reporter-output>
        </test-method> <!-- openAccount -->
        <test-method signature="openAccount(java.lang.String,java.lang.String,java.lang.String)[pri:0, instance:testcases.OpenAccountTest@4d4d8fcf]" started-at="2025-01-03T16:15:46 IST" name="openAccount" data-provider="data" finished-at="2025-01-03T16:15:47 IST" duration-ms="345" status="PASS">
          <params>
            <param index="0">
              <value>
                <![CDATA[Saranya]]>
              </value>
            </param>
            <param index="1">
              <value>
                <![CDATA[H]]>
              </value>
            </param>
            <param index="2">
              <value>
                <![CDATA[Rupee]]>
              </value>
            </param>
          </params>
          <reporter-output>
          </reporter-output>
        </test-method> <!-- openAccount -->
        <test-method signature="openAccount(java.lang.String,java.lang.String,java.lang.String)[pri:0, instance:testcases.OpenAccountTest@4d4d8fcf]" started-at="2025-01-03T16:15:47 IST" name="openAccount" data-provider="data" finished-at="2025-01-03T16:15:47 IST" duration-ms="329" status="PASS">
          <params>
            <param index="0">
              <value>
                <![CDATA[Raj]]>
              </value>
            </param>
            <param index="1">
              <value>
                <![CDATA[B]]>
              </value>
            </param>
            <param index="2">
              <value>
                <![CDATA[Pound]]>
              </value>
            </param>
          </params>
          <reporter-output>
          </reporter-output>
        </test-method> <!-- openAccount -->
      </class> <!-- testcases.OpenAccountTest -->
    </test> <!-- Open Account Test -->
  </suite> <!-- First Suite -->
</testng-results>
