<?xml version="1.0" encoding="UTF-8"?>
<testng-results ignored="0" total="7" passed="7" failed="0" skipped="0">
  <reporter-output>
  </reporter-output>
  <suite started-at="2024-12-31T15:00:27 IST" name="First Suite" finished-at="2024-12-31T15:00:34 IST" duration-ms="6889">
    <groups>
    </groups>
    <test started-at="2024-12-31T15:00:27 IST" name="Bank Manager Login Test" finished-at="2024-12-31T15:00:28 IST" duration-ms="930">
      <class name="testcases.BankManagerLoginTest">
        <test-method signature="doBankManagerLogin()[pri:0, instance:testcases.BankManagerLoginTest@2b46a8c1]" started-at="2024-12-31T15:00:27 IST" name="doBankManagerLogin" finished-at="2024-12-31T15:00:28 IST" duration-ms="881" status="PASS">
          <reporter-output>
          </reporter-output>
        </test-method> <!-- doBankManagerLogin -->
      </class> <!-- testcases.BankManagerLoginTest -->
    </test> <!-- Bank Manager Login Test -->
    <test started-at="2024-12-31T15:00:28 IST" name="Add Customer Test" finished-at="2024-12-31T15:00:31 IST" duration-ms="2759">
      <class name="testcases.AddCustomer">
        <test-method signature="addCustomer(java.lang.String,java.lang.String,java.lang.String)[pri:0, instance:testcases.AddCustomer@1dfd5f51]" started-at="2024-12-31T15:00:28 IST" name="addCustomer" data-provider="data" finished-at="2024-12-31T15:00:29 IST" duration-ms="873" status="PASS">
          <params>
            <param index="0">
              <value>
                <![CDATA[Jaasritha]]>
              </value>
            </param>
            <param index="1">
              <value>
                <![CDATA[G]]>
              </value>
            </param>
            <param index="2">
              <value>
                <![CDATA[50032.0]]>
              </value>
            </param>
          </params>
          <reporter-output>
          </reporter-output>
        </test-method> <!-- addCustomer -->
        <test-method signature="addCustomer(java.lang.String,java.lang.String,java.lang.String)[pri:0, instance:testcases.AddCustomer@1dfd5f51]" started-at="2024-12-31T15:00:29 IST" name="addCustomer" data-provider="data" finished-at="2024-12-31T15:00:30 IST" duration-ms="918" status="PASS">
          <params>
            <param index="0">
              <value>
                <![CDATA[Saranya]]>
              </value>
            </param>
            <param index="1">
              <value>
                <![CDATA[H]]>
              </value>
            </param>
            <param index="2">
              <value>
                <![CDATA[6789000.0]]>
              </value>
            </param>
          </params>
          <reporter-output>
          </reporter-output>
        </test-method> <!-- addCustomer -->
        <test-method signature="addCustomer(java.lang.String,java.lang.String,java.lang.String)[pri:0, instance:testcases.AddCustomer@1dfd5f51]" started-at="2024-12-31T15:00:30 IST" name="addCustomer" data-provider="data" finished-at="2024-12-31T15:00:31 IST" duration-ms="915" status="PASS">
          <params>
            <param index="0">
              <value>
                <![CDATA[Raj]]>
              </value>
            </param>
            <param index="1">
              <value>
                <![CDATA[B]]>
              </value>
            </param>
            <param index="2">
              <value>
                <![CDATA[78999.0]]>
              </value>
            </param>
          </params>
          <reporter-output>
          </reporter-output>
        </test-method> <!-- addCustomer -->
      </class> <!-- testcases.AddCustomer -->
    </test> <!-- Add Customer Test -->
    <test started-at="2024-12-31T15:00:31 IST" name="Open Account Test" finished-at="2024-12-31T15:00:34 IST" duration-ms="2828">
      <class name="testcases.OpenAccountTest">
        <test-method is-config="true" signature="setUp()[pri:0, instance:testcases.OpenAccountTest@4d4d8fcf]" started-at="2024-12-31T15:00:23 IST" name="setUp" finished-at="2024-12-31T15:00:27 IST" duration-ms="3688" status="PASS">
          <reporter-output>
          </reporter-output>
        </test-method> <!-- setUp -->
        <test-method signature="openAccount(java.lang.String,java.lang.String,java.lang.String)[pri:0, instance:testcases.OpenAccountTest@4d4d8fcf]" started-at="2024-12-31T15:00:31 IST" name="openAccount" data-provider="data" finished-at="2024-12-31T15:00:32 IST" duration-ms="1192" status="PASS">
          <params>
            <param index="0">
              <value>
                <![CDATA[Jaasritha]]>
              </value>
            </param>
            <param index="1">
              <value>
                <![CDATA[G]]>
              </value>
            </param>
            <param index="2">
              <value>
                <![CDATA[Dollar]]>
              </value>
            </param>
          </params>
          <reporter-output>
          </reporter-output>
        </test-method> <!-- openAccount -->
        <test-method signature="openAccount(java.lang.String,java.lang.String,java.lang.String)[pri:0, instance:testcases.OpenAccountTest@4d4d8fcf]" started-at="2024-12-31T15:00:32 IST" name="openAccount" data-provider="data" finished-at="2024-12-31T15:00:33 IST" duration-ms="1030" status="PASS">
          <params>
            <param index="0">
              <value>
                <![CDATA[Saranya]]>
              </value>
            </param>
            <param index="1">
              <value>
                <![CDATA[H]]>
              </value>
            </param>
            <param index="2">
              <value>
                <![CDATA[Rupee]]>
              </value>
            </param>
          </params>
          <reporter-output>
          </reporter-output>
        </test-method> <!-- openAccount -->
        <test-method signature="openAccount(java.lang.String,java.lang.String,java.lang.String)[pri:0, instance:testcases.OpenAccountTest@4d4d8fcf]" started-at="2024-12-31T15:00:33 IST" name="openAccount" data-provider="data" finished-at="2024-12-31T15:00:34 IST" duration-ms="584" status="PASS">
          <params>
            <param index="0">
              <value>
                <![CDATA[Raj]]>
              </value>
            </param>
            <param index="1">
              <value>
                <![CDATA[B]]>
              </value>
            </param>
            <param index="2">
              <value>
                <![CDATA[Pound]]>
              </value>
            </param>
          </params>
          <reporter-output>
          </reporter-output>
        </test-method> <!-- openAccount -->
      </class> <!-- testcases.OpenAccountTest -->
    </test> <!-- Open Account Test -->
  </suite> <!-- First Suite -->
</testng-results>
